This is XeTeX, Version 3.14159265-2.6-0.99999 (TeX Live 2018/W32TeX) (preloaded format=xelatex 2019.8.8)  6 JAN 2020 15:18
entering extended mode
 restricted \write18 enabled.
 %&-line parsing enabled.
**1.tex
(./1.tex
LaTeX2e <2018-04-01> patch level 2
Babel <3.18> and hyphenation patterns for 84 language(s) loaded.
(c:/texlive/2018/texmf-dist/tex/latex/standalone/standalone.cls
Document Class: standalone 2018/03/26 v1.3a Class to compile TeX sub-files stan
dalone
(c:/texlive/2018/texmf-dist/tex/latex/tools/shellesc.sty
Package: shellesc 2016/06/07 v0.02a unified shell escape interface for LaTeX
Package shellesc Info: Restricted shell escape enabled on input line 69.
)
(c:/texlive/2018/texmf-dist/tex/generic/oberdiek/ifluatex.sty
Package: ifluatex 2016/05/16 v1.4 Provides the ifluatex switch (HO)
Package ifluatex Info: LuaTeX not detected.
)
(c:/texlive/2018/texmf-dist/tex/generic/oberdiek/ifpdf.sty
Package: ifpdf 2017/03/15 v3.2 Provides the ifpdf switch
)
(c:/texlive/2018/texmf-dist/tex/generic/ifxetex/ifxetex.sty
Package: ifxetex 2010/09/12 v0.6 Provides ifxetex conditional
)
(c:/texlive/2018/texmf-dist/tex/latex/xkeyval/xkeyval.sty
Package: xkeyval 2014/12/03 v2.7a package option processing (HA)

(c:/texlive/2018/texmf-dist/tex/generic/xkeyval/xkeyval.tex
(c:/texlive/2018/texmf-dist/tex/generic/xkeyval/xkvutils.tex
\XKV@toks=\toks14
\XKV@tempa@toks=\toks15

(c:/texlive/2018/texmf-dist/tex/generic/xkeyval/keyval.tex))
\XKV@depth=\count80
File: xkeyval.tex 2014/12/03 v2.7a key=value parser (HA)
))
\sa@internal=\count81
\c@sapage=\count82

(c:/texlive/2018/texmf-dist/tex/latex/standalone/standalone.cfg
File: standalone.cfg 2018/03/26 v1.3a Default configuration file for 'standalon
e' class
)
(c:/texlive/2018/texmf-dist/tex/latex/base/article.cls
Document Class: article 2014/09/29 v1.4h Standard LaTeX document class
(c:/texlive/2018/texmf-dist/tex/latex/base/size10.clo
File: size10.clo 2014/09/29 v1.4h Standard LaTeX file (size option)
)
\c@part=\count83
\c@section=\count84
\c@subsection=\count85
\c@subsubsection=\count86
\c@paragraph=\count87
\c@subparagraph=\count88
\c@figure=\count89
\c@table=\count90
\abovecaptionskip=\skip41
\belowcaptionskip=\skip42
\bibindent=\dimen102
)
(c:/texlive/2018/texmf-dist/tex/latex/pgf/frontendlayer/tikz.sty
(c:/texlive/2018/texmf-dist/tex/latex/pgf/basiclayer/pgf.sty
(c:/texlive/2018/texmf-dist/tex/latex/pgf/utilities/pgfrcs.sty
(c:/texlive/2018/texmf-dist/tex/generic/pgf/utilities/pgfutil-common.tex
\pgfutil@everybye=\toks16
\pgfutil@tempdima=\dimen103
\pgfutil@tempdimb=\dimen104

(c:/texlive/2018/texmf-dist/tex/generic/pgf/utilities/pgfutil-common-lists.tex)
) (c:/texlive/2018/texmf-dist/tex/generic/pgf/utilities/pgfutil-latex.def
\pgfutil@abb=\box26

(c:/texlive/2018/texmf-dist/tex/latex/ms/everyshi.sty
Package: everyshi 2001/05/15 v3.00 EveryShipout Package (MS)
))
(c:/texlive/2018/texmf-dist/tex/generic/pgf/utilities/pgfrcs.code.tex
Package: pgfrcs 2015/08/07 v3.0.1a (rcs-revision 1.31)
))
Package: pgf 2015/08/07 v3.0.1a (rcs-revision 1.15)

(c:/texlive/2018/texmf-dist/tex/latex/pgf/basiclayer/pgfcore.sty
(c:/texlive/2018/texmf-dist/tex/latex/graphics/graphicx.sty
Package: graphicx 2017/06/01 v1.1a Enhanced LaTeX Graphics (DPC,SPQR)

(c:/texlive/2018/texmf-dist/tex/latex/graphics/graphics.sty
Package: graphics 2017/06/25 v1.2c Standard LaTeX Graphics (DPC,SPQR)

(c:/texlive/2018/texmf-dist/tex/latex/graphics/trig.sty
Package: trig 2016/01/03 v1.10 sin cos tan (DPC)
)
(c:/texlive/2018/texmf-dist/tex/latex/graphics-cfg/graphics.cfg
File: graphics.cfg 2016/06/04 v1.11 sample graphics configuration
)
Package graphics Info: Driver file: xetex.def on input line 99.

(c:/texlive/2018/texmf-dist/tex/latex/graphics-def/xetex.def
File: xetex.def 2017/06/24 v5.0h Graphics/color driver for xetex
))
\Gin@req@height=\dimen105
\Gin@req@width=\dimen106
)
(c:/texlive/2018/texmf-dist/tex/latex/pgf/systemlayer/pgfsys.sty
(c:/texlive/2018/texmf-dist/tex/generic/pgf/systemlayer/pgfsys.code.tex
Package: pgfsys 2014/07/09 v3.0.1a (rcs-revision 1.48)

(c:/texlive/2018/texmf-dist/tex/generic/pgf/utilities/pgfkeys.code.tex
\pgfkeys@pathtoks=\toks17
\pgfkeys@temptoks=\toks18

(c:/texlive/2018/texmf-dist/tex/generic/pgf/utilities/pgfkeysfiltered.code.tex
\pgfkeys@tmptoks=\toks19
))
\pgf@x=\dimen107
\pgf@y=\dimen108
\pgf@xa=\dimen109
\pgf@ya=\dimen110
\pgf@xb=\dimen111
\pgf@yb=\dimen112
\pgf@xc=\dimen113
\pgf@yc=\dimen114
\w@pgf@writea=\write3
\r@pgf@reada=\read1
\c@pgf@counta=\count91
\c@pgf@countb=\count92
\c@pgf@countc=\count93
\c@pgf@countd=\count94
\t@pgf@toka=\toks20
\t@pgf@tokb=\toks21
\t@pgf@tokc=\toks22
 (c:/texlive/2018/texmf-dist/tex/generic/pgf/systemlayer/pgf.cfg
File: pgf.cfg 2008/05/14  (rcs-revision 1.7)
)
Driver file for pgf: pgfsys-xetex.def

(c:/texlive/2018/texmf-dist/tex/generic/pgf/systemlayer/pgfsys-xetex.def
File: pgfsys-xetex.def 2014/07/09  (rcs-revision 1.11)

(c:/texlive/2018/texmf-dist/tex/generic/pgf/systemlayer/pgfsys-dvipdfmx.def
File: pgfsys-dvipdfmx.def 2014/07/09  (rcs-revision 1.14)

(c:/texlive/2018/texmf-dist/tex/generic/pgf/systemlayer/pgfsys-common-pdf.def
File: pgfsys-common-pdf.def 2013/10/10  (rcs-revision 1.13)
)
\pgfsys@objnum=\count95
)))
(c:/texlive/2018/texmf-dist/tex/generic/pgf/systemlayer/pgfsyssoftpath.code.tex
File: pgfsyssoftpath.code.tex 2013/09/09  (rcs-revision 1.9)
\pgfsyssoftpath@smallbuffer@items=\count96
\pgfsyssoftpath@bigbuffer@items=\count97
)
(c:/texlive/2018/texmf-dist/tex/generic/pgf/systemlayer/pgfsysprotocol.code.tex
File: pgfsysprotocol.code.tex 2006/10/16  (rcs-revision 1.4)
)) (c:/texlive/2018/texmf-dist/tex/latex/xcolor/xcolor.sty
Package: xcolor 2016/05/11 v2.12 LaTeX color extensions (UK)

(c:/texlive/2018/texmf-dist/tex/latex/graphics-cfg/color.cfg
File: color.cfg 2016/01/02 v1.6 sample color configuration
)
Package xcolor Info: Driver file: xetex.def on input line 225.
Package xcolor Info: Model `cmy' substituted by `cmy0' on input line 1348.
Package xcolor Info: Model `RGB' extended on input line 1364.
Package xcolor Info: Model `HTML' substituted by `rgb' on input line 1366.
Package xcolor Info: Model `Hsb' substituted by `hsb' on input line 1367.
Package xcolor Info: Model `tHsb' substituted by `hsb' on input line 1368.
Package xcolor Info: Model `HSB' substituted by `hsb' on input line 1369.
Package xcolor Info: Model `Gray' substituted by `gray' on input line 1370.
Package xcolor Info: Model `wave' substituted by `hsb' on input line 1371.
)
(c:/texlive/2018/texmf-dist/tex/generic/pgf/basiclayer/pgfcore.code.tex
Package: pgfcore 2010/04/11 v3.0.1a (rcs-revision 1.7)

(c:/texlive/2018/texmf-dist/tex/generic/pgf/math/pgfmath.code.tex
(c:/texlive/2018/texmf-dist/tex/generic/pgf/math/pgfmathcalc.code.tex
(c:/texlive/2018/texmf-dist/tex/generic/pgf/math/pgfmathutil.code.tex)
(c:/texlive/2018/texmf-dist/tex/generic/pgf/math/pgfmathparser.code.tex
\pgfmath@dimen=\dimen115
\pgfmath@count=\count98
\pgfmath@box=\box27
\pgfmath@toks=\toks23
\pgfmath@stack@operand=\toks24
\pgfmath@stack@operation=\toks25
)
(c:/texlive/2018/texmf-dist/tex/generic/pgf/math/pgfmathfunctions.code.tex
(c:/texlive/2018/texmf-dist/tex/generic/pgf/math/pgfmathfunctions.basic.code.te
x)
(c:/texlive/2018/texmf-dist/tex/generic/pgf/math/pgfmathfunctions.trigonometric
.code.tex)
(c:/texlive/2018/texmf-dist/tex/generic/pgf/math/pgfmathfunctions.random.code.t
ex)
(c:/texlive/2018/texmf-dist/tex/generic/pgf/math/pgfmathfunctions.comparison.co
de.tex)
(c:/texlive/2018/texmf-dist/tex/generic/pgf/math/pgfmathfunctions.base.code.tex
)
(c:/texlive/2018/texmf-dist/tex/generic/pgf/math/pgfmathfunctions.round.code.te
x)
(c:/texlive/2018/texmf-dist/tex/generic/pgf/math/pgfmathfunctions.misc.code.tex
)
(c:/texlive/2018/texmf-dist/tex/generic/pgf/math/pgfmathfunctions.integerarithm
etics.code.tex)))
(c:/texlive/2018/texmf-dist/tex/generic/pgf/math/pgfmathfloat.code.tex
\c@pgfmathroundto@lastzeros=\count99
))
(c:/texlive/2018/texmf-dist/tex/generic/pgf/basiclayer/pgfcorepoints.code.tex
File: pgfcorepoints.code.tex 2013/10/07  (rcs-revision 1.27)
\pgf@picminx=\dimen116
\pgf@picmaxx=\dimen117
\pgf@picminy=\dimen118
\pgf@picmaxy=\dimen119
\pgf@pathminx=\dimen120
\pgf@pathmaxx=\dimen121
\pgf@pathminy=\dimen122
\pgf@pathmaxy=\dimen123
\pgf@xx=\dimen124
\pgf@xy=\dimen125
\pgf@yx=\dimen126
\pgf@yy=\dimen127
\pgf@zx=\dimen128
\pgf@zy=\dimen129
)
(c:/texlive/2018/texmf-dist/tex/generic/pgf/basiclayer/pgfcorepathconstruct.cod
e.tex
File: pgfcorepathconstruct.code.tex 2013/10/07  (rcs-revision 1.29)
\pgf@path@lastx=\dimen130
\pgf@path@lasty=\dimen131
)
(c:/texlive/2018/texmf-dist/tex/generic/pgf/basiclayer/pgfcorepathusage.code.te
x
File: pgfcorepathusage.code.tex 2014/11/02  (rcs-revision 1.24)
\pgf@shorten@end@additional=\dimen132
\pgf@shorten@start@additional=\dimen133
)
(c:/texlive/2018/texmf-dist/tex/generic/pgf/basiclayer/pgfcorescopes.code.tex
File: pgfcorescopes.code.tex 2015/05/08  (rcs-revision 1.46)
\pgfpic=\box28
\pgf@hbox=\box29
\pgf@layerbox@main=\box30
\pgf@picture@serial@count=\count100
)
(c:/texlive/2018/texmf-dist/tex/generic/pgf/basiclayer/pgfcoregraphicstate.code
.tex
File: pgfcoregraphicstate.code.tex 2014/11/02  (rcs-revision 1.12)
\pgflinewidth=\dimen134
)
(c:/texlive/2018/texmf-dist/tex/generic/pgf/basiclayer/pgfcoretransformations.c
ode.tex
File: pgfcoretransformations.code.tex 2015/08/07  (rcs-revision 1.20)
\pgf@pt@x=\dimen135
\pgf@pt@y=\dimen136
\pgf@pt@temp=\dimen137
)
(c:/texlive/2018/texmf-dist/tex/generic/pgf/basiclayer/pgfcorequick.code.tex
File: pgfcorequick.code.tex 2008/10/09  (rcs-revision 1.3)
)
(c:/texlive/2018/texmf-dist/tex/generic/pgf/basiclayer/pgfcoreobjects.code.tex
File: pgfcoreobjects.code.tex 2006/10/11  (rcs-revision 1.2)
)
(c:/texlive/2018/texmf-dist/tex/generic/pgf/basiclayer/pgfcorepathprocessing.co
de.tex
File: pgfcorepathprocessing.code.tex 2013/09/09  (rcs-revision 1.9)
)
(c:/texlive/2018/texmf-dist/tex/generic/pgf/basiclayer/pgfcorearrows.code.tex
File: pgfcorearrows.code.tex 2015/05/14  (rcs-revision 1.43)
\pgfarrowsep=\dimen138
)
(c:/texlive/2018/texmf-dist/tex/generic/pgf/basiclayer/pgfcoreshade.code.tex
File: pgfcoreshade.code.tex 2013/07/15  (rcs-revision 1.15)
\pgf@max=\dimen139
\pgf@sys@shading@range@num=\count101
)
(c:/texlive/2018/texmf-dist/tex/generic/pgf/basiclayer/pgfcoreimage.code.tex
File: pgfcoreimage.code.tex 2013/07/15  (rcs-revision 1.18)

(c:/texlive/2018/texmf-dist/tex/generic/pgf/basiclayer/pgfcoreexternal.code.tex
File: pgfcoreexternal.code.tex 2014/07/09  (rcs-revision 1.21)
\pgfexternal@startupbox=\box31
))
(c:/texlive/2018/texmf-dist/tex/generic/pgf/basiclayer/pgfcorelayers.code.tex
File: pgfcorelayers.code.tex 2013/07/18  (rcs-revision 1.7)
)
(c:/texlive/2018/texmf-dist/tex/generic/pgf/basiclayer/pgfcoretransparency.code
.tex
File: pgfcoretransparency.code.tex 2013/09/30  (rcs-revision 1.5)
)
(c:/texlive/2018/texmf-dist/tex/generic/pgf/basiclayer/pgfcorepatterns.code.tex
File: pgfcorepatterns.code.tex 2013/11/07  (rcs-revision 1.5)
)))
(c:/texlive/2018/texmf-dist/tex/generic/pgf/modules/pgfmoduleshapes.code.tex
File: pgfmoduleshapes.code.tex 2014/03/21  (rcs-revision 1.35)
\pgfnodeparttextbox=\box32
)
(c:/texlive/2018/texmf-dist/tex/generic/pgf/modules/pgfmoduleplot.code.tex
File: pgfmoduleplot.code.tex 2015/08/03  (rcs-revision 1.13)
)
(c:/texlive/2018/texmf-dist/tex/latex/pgf/compatibility/pgfcomp-version-0-65.st
y
Package: pgfcomp-version-0-65 2007/07/03 v3.0.1a (rcs-revision 1.7)
\pgf@nodesepstart=\dimen140
\pgf@nodesepend=\dimen141
)
(c:/texlive/2018/texmf-dist/tex/latex/pgf/compatibility/pgfcomp-version-1-18.st
y
Package: pgfcomp-version-1-18 2007/07/23 v3.0.1a (rcs-revision 1.1)
)) (c:/texlive/2018/texmf-dist/tex/latex/pgf/utilities/pgffor.sty
(c:/texlive/2018/texmf-dist/tex/latex/pgf/utilities/pgfkeys.sty
(c:/texlive/2018/texmf-dist/tex/generic/pgf/utilities/pgfkeys.code.tex))
(c:/texlive/2018/texmf-dist/tex/latex/pgf/math/pgfmath.sty
(c:/texlive/2018/texmf-dist/tex/generic/pgf/math/pgfmath.code.tex))
(c:/texlive/2018/texmf-dist/tex/generic/pgf/utilities/pgffor.code.tex
Package: pgffor 2013/12/13 v3.0.1a (rcs-revision 1.25)

(c:/texlive/2018/texmf-dist/tex/generic/pgf/math/pgfmath.code.tex)
\pgffor@iter=\dimen142
\pgffor@skip=\dimen143
\pgffor@stack=\toks26
\pgffor@toks=\toks27
))
(c:/texlive/2018/texmf-dist/tex/generic/pgf/frontendlayer/tikz/tikz.code.tex
Package: tikz 2015/08/07 v3.0.1a (rcs-revision 1.151)

(c:/texlive/2018/texmf-dist/tex/generic/pgf/libraries/pgflibraryplothandlers.co
de.tex
File: pgflibraryplothandlers.code.tex 2013/08/31 v3.0.1a (rcs-revision 1.20)
\pgf@plot@mark@count=\count102
\pgfplotmarksize=\dimen144
)
\tikz@lastx=\dimen145
\tikz@lasty=\dimen146
\tikz@lastxsaved=\dimen147
\tikz@lastysaved=\dimen148
\tikzleveldistance=\dimen149
\tikzsiblingdistance=\dimen150
\tikz@figbox=\box33
\tikz@figbox@bg=\box34
\tikz@tempbox=\box35
\tikz@tempbox@bg=\box36
\tikztreelevel=\count103
\tikznumberofchildren=\count104
\tikznumberofcurrentchild=\count105
\tikz@fig@count=\count106

(c:/texlive/2018/texmf-dist/tex/generic/pgf/modules/pgfmodulematrix.code.tex
File: pgfmodulematrix.code.tex 2013/09/17  (rcs-revision 1.8)
\pgfmatrixcurrentrow=\count107
\pgfmatrixcurrentcolumn=\count108
\pgf@matrix@numberofcolumns=\count109
)
\tikz@expandcount=\count110

(c:/texlive/2018/texmf-dist/tex/generic/pgf/frontendlayer/tikz/libraries/tikzli
brarytopaths.code.tex
File: tikzlibrarytopaths.code.tex 2008/06/17 v3.0.1a (rcs-revision 1.2)
)))
\sa@box=\box37
)
(c:/texlive/2018/texmf-dist/tex/generic/pgf/frontendlayer/tikz/libraries/tikzli
brarycalc.code.tex
File: tikzlibrarycalc.code.tex 2013/07/15 v3.0.1a (rcs-revision 1.9)
) (c:/texlive/2018/texmf-dist/tex/latex/pgfplots/pgfplots.sty (c:/texlive/2018/
texmf-dist/tex/generic/pgfplots/pgfplots.revision.tex)
Package: pgfplots 2018/03/28 v1.16 Data Visualization (1.16)

(c:/texlive/2018/texmf-dist/tex/generic/pgfplots/pgfplots.code.tex
(c:/texlive/2018/texmf-dist/tex/generic/pgfplots/pgfplotscore.code.tex
\t@pgfplots@toka=\toks28
\t@pgfplots@tokb=\toks29
\t@pgfplots@tokc=\toks30
\pgfplots@tmpa=\dimen151
\c@pgfplots@coordindex=\count111
\c@pgfplots@scanlineindex=\count112

(c:/texlive/2018/texmf-dist/tex/generic/pgfplots/sys/pgfplotssysgeneric.code.te
x))
(c:/texlive/2018/texmf-dist/tex/generic/pgfplots/libs/pgfplotslibrary.code.tex)

(c:/texlive/2018/texmf-dist/tex/generic/pgfplots/oldpgfcompatib/pgfplotsoldpgfs
upp_loader.code.tex
(c:/texlive/2018/texmf-dist/tex/generic/pgf/libraries/pgflibraryfpu.code.tex)
Package pgfplots: loading complementary arithmetics for your pgf version...

(c:/texlive/2018/texmf-dist/tex/generic/pgfplots/oldpgfcompatib/pgfplotsoldpgfs
upp_pgflibraryfpu.code.tex)
(c:/texlive/2018/texmf-dist/tex/generic/pgfplots/oldpgfcompatib/pgfplotsoldpgfs
upp_pgfmathfloat.code.tex
\c@pgfmathroundto@lastzeros=\count113
)
(c:/texlive/2018/texmf-dist/tex/generic/pgfplots/oldpgfcompatib/pgfplotsoldpgfs
upp_leq.code.tex))
(c:/texlive/2018/texmf-dist/tex/generic/pgfplots/util/pgfplotsutil.code.tex
(c:/texlive/2018/texmf-dist/tex/generic/pgfplots/liststructure/pgfplotsliststru
cture.code.tex)
(c:/texlive/2018/texmf-dist/tex/generic/pgfplots/liststructure/pgfplotsliststru
ctureext.code.tex)
(c:/texlive/2018/texmf-dist/tex/generic/pgfplots/liststructure/pgfplotsarray.co
de.tex
\c@pgfplotsarray@tmp=\count114
)
(c:/texlive/2018/texmf-dist/tex/generic/pgfplots/liststructure/pgfplotsmatrix.c
ode.tex)
(c:/texlive/2018/texmf-dist/tex/generic/pgfplots/numtable/pgfplotstableshared.c
ode.tex
\c@pgfplotstable@counta=\count115
\t@pgfplotstable@a=\toks31
)
(c:/texlive/2018/texmf-dist/tex/generic/pgfplots/liststructure/pgfplotsdeque.co
de.tex)
(c:/texlive/2018/texmf-dist/tex/generic/pgfplots/util/pgfplotsbinary.code.tex
(c:/texlive/2018/texmf-dist/tex/generic/pgfplots/util/pgfplotsbinary.data.code.
tex))
(c:/texlive/2018/texmf-dist/tex/generic/pgfplots/util/pgfplotsutil.verb.code.te
x)
(c:/texlive/2018/texmf-dist/tex/generic/pgfplots/libs/pgflibrarypgfplots.surfsh
ading.code.tex
\c@pgfplotslibrarysurf@no=\count116

(c:/texlive/2018/texmf-dist/tex/generic/pgfplots/sys/pgflibrarypgfplots.surfsha
ding.pgfsys-xetex.def
(c:/texlive/2018/texmf-dist/tex/generic/pgfplots/sys/pgflibrarypgfplots.surfsha
ding.pgfsys-dvipdfmx.def
\c@pgfplotslibrarysurf@streamlen=\count117
))))
(c:/texlive/2018/texmf-dist/tex/generic/pgfplots/util/pgfplotscolormap.code.tex
(c:/texlive/2018/texmf-dist/tex/generic/pgfplots/util/pgfplotscolor.code.tex))
(c:/texlive/2018/texmf-dist/tex/generic/pgfplots/pgfplotsstackedplots.code.tex)
(c:/texlive/2018/texmf-dist/tex/generic/pgfplots/pgfplotsplothandlers.code.tex
(c:/texlive/2018/texmf-dist/tex/generic/pgfplots/pgfplotsmeshplothandler.code.t
ex
(c:/texlive/2018/texmf-dist/tex/generic/pgfplots/pgfplotsmeshplotimage.code.tex
))) (c:/texlive/2018/texmf-dist/tex/generic/pgfplots/pgfplots.scaling.code.tex)

(c:/texlive/2018/texmf-dist/tex/generic/pgfplots/pgfplotscoordprocessing.code.t
ex)
(c:/texlive/2018/texmf-dist/tex/generic/pgfplots/pgfplots.errorbars.code.tex)
(c:/texlive/2018/texmf-dist/tex/generic/pgfplots/pgfplots.markers.code.tex)
(c:/texlive/2018/texmf-dist/tex/generic/pgfplots/pgfplotsticks.code.tex)
(c:/texlive/2018/texmf-dist/tex/generic/pgfplots/pgfplots.paths.code.tex)
(c:/texlive/2018/texmf-dist/tex/generic/pgf/frontendlayer/tikz/libraries/tikzli
brarydecorations.code.tex
(c:/texlive/2018/texmf-dist/tex/generic/pgf/modules/pgfmoduledecorations.code.t
ex
\pgfdecoratedcompleteddistance=\dimen152
\pgfdecoratedremainingdistance=\dimen153
\pgfdecoratedinputsegmentcompleteddistance=\dimen154
\pgfdecoratedinputsegmentremainingdistance=\dimen155
\pgf@decorate@distancetomove=\dimen156
\pgf@decorate@repeatstate=\count118
\pgfdecorationsegmentamplitude=\dimen157
\pgfdecorationsegmentlength=\dimen158
)
\tikz@lib@dec@box=\box38
)
(c:/texlive/2018/texmf-dist/tex/generic/pgf/frontendlayer/tikz/libraries/tikzli
brarydecorations.pathmorphing.code.tex
(c:/texlive/2018/texmf-dist/tex/generic/pgf/libraries/decorations/pgflibrarydec
orations.pathmorphing.code.tex))
(c:/texlive/2018/texmf-dist/tex/generic/pgf/frontendlayer/tikz/libraries/tikzli
brarydecorations.pathreplacing.code.tex
(c:/texlive/2018/texmf-dist/tex/generic/pgf/libraries/decorations/pgflibrarydec
orations.pathreplacing.code.tex))
\pgfplots@numplots=\count119
\pgfplots@xmin@reg=\dimen159
\pgfplots@xmax@reg=\dimen160
\pgfplots@ymin@reg=\dimen161
\pgfplots@ymax@reg=\dimen162
\pgfplots@zmin@reg=\dimen163
\pgfplots@zmax@reg=\dimen164
)
(c:/texlive/2018/texmf-dist/tex/generic/pgf/frontendlayer/tikz/libraries/tikzli
braryplotmarks.code.tex
File: tikzlibraryplotmarks.code.tex 2008/01/09 v3.0.1a (rcs-revision 1.1)

(c:/texlive/2018/texmf-dist/tex/generic/pgf/libraries/pgflibraryplotmarks.code.
tex
File: pgflibraryplotmarks.code.tex 2015/08/03 v3.0.1a (rcs-revision 1.14)
))) (c:/texlive/2018/texmf-dist/tex/xelatex/xepersian/xepersian.sty
Package: xepersian 2018/01/28 v21.1 Persian typesetting in XeLaTeX

(c:/texlive/2018/texmf-dist/tex/latex/fontspec/fontspec.sty
(c:/texlive/2018/texmf-dist/tex/latex/l3packages/xparse/xparse.sty
(c:/texlive/2018/texmf-dist/tex/latex/l3kernel/expl3.sty
Package: expl3 2018/03/05 L3 programming layer (loader) 

(c:/texlive/2018/texmf-dist/tex/latex/l3kernel/expl3-code.tex
Package: expl3 2018/03/05 L3 programming layer (code)
\c_max_int=\count120
\l_tmpa_int=\count121
\l_tmpb_int=\count122
\g_tmpa_int=\count123
\g_tmpb_int=\count124
\g__intarray_font_int=\count125
\g__prg_map_int=\count126
\c_log_iow=\count127
\l_iow_line_count_int=\count128
\l__iow_line_target_int=\count129
\l__iow_one_indent_int=\count130
\l__iow_indent_int=\count131
\c_zero_dim=\dimen165
\c_max_dim=\dimen166
\l_tmpa_dim=\dimen167
\l_tmpb_dim=\dimen168
\g_tmpa_dim=\dimen169
\g_tmpb_dim=\dimen170
\c_zero_skip=\skip43
\c_max_skip=\skip44
\l_tmpa_skip=\skip45
\l_tmpb_skip=\skip46
\g_tmpa_skip=\skip47
\g_tmpb_skip=\skip48
\c_zero_muskip=\muskip10
\c_max_muskip=\muskip11
\l_tmpa_muskip=\muskip12
\l_tmpb_muskip=\muskip13
\g_tmpa_muskip=\muskip14
\g_tmpb_muskip=\muskip15
\l_keys_choice_int=\count132
\c__fp_leading_shift_int=\count133
\c__fp_middle_shift_int=\count134
\c__fp_trailing_shift_int=\count135
\c__fp_big_leading_shift_int=\count136
\c__fp_big_middle_shift_int=\count137
\c__fp_big_trailing_shift_int=\count138
\c__fp_Bigg_leading_shift_int=\count139
\c__fp_Bigg_middle_shift_int=\count140
\c__fp_Bigg_trailing_shift_int=\count141
\l__sort_length_int=\count142
\l__sort_min_int=\count143
\l__sort_top_int=\count144
\l__sort_max_int=\count145
\l__sort_true_max_int=\count146
\l__sort_block_int=\count147
\l__sort_begin_int=\count148
\l__sort_end_int=\count149
\l__sort_A_int=\count150
\l__sort_B_int=\count151
\l__sort_C_int=\count152
\l__tl_build_start_index_int=\count153
\l__tl_build_index_int=\count154
\l__tl_analysis_normal_int=\count155
\l__tl_analysis_index_int=\count156
\l__tl_analysis_nesting_int=\count157
\l__tl_analysis_type_int=\count158
\l__regex_internal_a_int=\count159
\l__regex_internal_b_int=\count160
\l__regex_internal_c_int=\count161
\l__regex_balance_int=\count162
\l__regex_group_level_int=\count163
\l__regex_mode_int=\count164
\c__regex_cs_in_class_mode_int=\count165
\c__regex_cs_mode_int=\count166
\l__regex_catcodes_int=\count167
\l__regex_default_catcodes_int=\count168
\c__regex_catcode_L_int=\count169
\c__regex_catcode_O_int=\count170
\c__regex_catcode_A_int=\count171
\c__regex_all_catcodes_int=\count172
\l__regex_show_lines_int=\count173
\l__regex_min_state_int=\count174
\l__regex_max_state_int=\count175
\l__regex_left_state_int=\count176
\l__regex_right_state_int=\count177
\l__regex_capturing_group_int=\count178
\l__regex_min_pos_int=\count179
\l__regex_max_pos_int=\count180
\l__regex_curr_pos_int=\count181
\l__regex_start_pos_int=\count182
\l__regex_success_pos_int=\count183
\l__regex_curr_char_int=\count184
\l__regex_curr_catcode_int=\count185
\l__regex_last_char_int=\count186
\l__regex_case_changed_char_int=\count187
\l__regex_curr_state_int=\count188
\l__regex_step_int=\count189
\l__regex_min_active_int=\count190
\l__regex_max_active_int=\count191
\l__regex_replacement_csnames_int=\count192
\l__regex_match_count_int=\count193
\l__regex_min_submatch_int=\count194
\l__regex_submatch_int=\count195
\l__regex_zeroth_submatch_int=\count196
\g__regex_trace_regex_int=\count197
\c_empty_box=\box39
\l_tmpa_box=\box40
\l_tmpb_box=\box41
\g_tmpa_box=\box42
\g_tmpb_box=\box43
\l__box_top_dim=\dimen171
\l__box_bottom_dim=\dimen172
\l__box_left_dim=\dimen173
\l__box_right_dim=\dimen174
\l__box_top_new_dim=\dimen175
\l__box_bottom_new_dim=\dimen176
\l__box_left_new_dim=\dimen177
\l__box_right_new_dim=\dimen178
\l__box_internal_box=\box44
\l__coffin_internal_box=\box45
\l__coffin_internal_dim=\dimen179
\l__coffin_offset_x_dim=\dimen180
\l__coffin_offset_y_dim=\dimen181
\l__coffin_x_dim=\dimen182
\l__coffin_y_dim=\dimen183
\l__coffin_x_prime_dim=\dimen184
\l__coffin_y_prime_dim=\dimen185
\c_empty_coffin=\box46
\l__coffin_aligned_coffin=\box47
\l__coffin_aligned_internal_coffin=\box48
\l_tmpa_coffin=\box49
\l_tmpb_coffin=\box50
\l__coffin_display_coffin=\box51
\l__coffin_display_coord_coffin=\box52
\l__coffin_display_pole_coffin=\box53
\l__coffin_display_offset_dim=\dimen186
\l__coffin_display_x_dim=\dimen187
\l__coffin_display_y_dim=\dimen188
\l__coffin_bounding_shift_dim=\dimen189
\l__coffin_left_corner_dim=\dimen190
\l__coffin_right_corner_dim=\dimen191
\l__coffin_bottom_corner_dim=\dimen192
\l__coffin_top_corner_dim=\dimen193
\l__coffin_scaled_total_height_dim=\dimen194
\l__coffin_scaled_width_dim=\dimen195
)
(c:/texlive/2018/texmf-dist/tex/latex/l3kernel/l3xdvipdfmx.def
File: l3xdvidpfmx.def 2017/03/18 v L3 Experimental driver: xdvipdfmx
\g__driver_image_int=\count198
))
Package: xparse 2018/02/21 L3 Experimental document command parser
\l__xparse_current_arg_int=\count199
\g__xparse_grabber_int=\count266
\l__xparse_m_args_int=\count267
\l__xparse_mandatory_args_int=\count268
\l__xparse_v_nesting_int=\count269
)
Package: fontspec 2017/11/09 v2.6g Font selection for XeLaTeX and LuaLaTeX

(c:/texlive/2018/texmf-dist/tex/latex/fontspec/fontspec-xetex.sty
Package: fontspec-xetex 2017/11/09 v2.6g Font selection for XeLaTeX and LuaLaTe
X
\l__fontspec_script_int=\count270
\l__fontspec_language_int=\count271
\l__fontspec_strnum_int=\count272
\l__fontspec_tmp_int=\count273
\l__fontspec_em_int=\count274
\l__fontspec_emdef_int=\count275
\l__fontspec_strong_int=\count276
\l__fontspec_strongdef_int=\count277
\l__fontspec_tmpa_dim=\dimen196
\l__fontspec_tmpb_dim=\dimen197
\l__fontspec_tmpc_dim=\dimen198
\g__file_internal_ior=\read2

(c:/texlive/2018/texmf-dist/tex/latex/base/fontenc.sty
Package: fontenc 2017/04/05 v2.0i Standard LaTeX package

(c:/texlive/2018/texmf-dist/tex/latex/base/tuenc.def
File: tuenc.def 2017/04/05 v2.0i Standard LaTeX file
LaTeX Font Info:    Redeclaring font encoding TU on input line 82.
))
.................................................
. LaTeX info: "xparse/define-command"
. 
. Defining command \fontspec with sig. 'O{}mO{}' on line 542.
.................................................
.................................................
. LaTeX info: "xparse/define-command"
. 
. Defining command \setmainfont with sig. 'O{}mO{}' on line 546.
.................................................
.................................................
. LaTeX info: "xparse/define-command"
. 
. Defining command \setsansfont with sig. 'O{}mO{}' on line 550.
.................................................
.................................................
. LaTeX info: "xparse/define-command"
. 
. Defining command \setmonofont with sig. 'O{}mO{}' on line 554.
.................................................
.................................................
. LaTeX info: "xparse/define-command"
. 
. Defining command \setmathrm with sig. 'O{}mO{}' on line 558.
.................................................
.................................................
. LaTeX info: "xparse/define-command"
. 
. Defining command \setboldmathrm with sig. 'O{}mO{}' on line 562.
.................................................
.................................................
. LaTeX info: "xparse/define-command"
. 
. Defining command \setmathsf with sig. 'O{}mO{}' on line 566.
.................................................
.................................................
. LaTeX info: "xparse/define-command"
. 
. Defining command \setmathtt with sig. 'O{}mO{}' on line 570.
.................................................
.................................................
. LaTeX info: "xparse/define-command"
. 
. Defining command \setromanfont with sig. 'O{}mO{}' on line 574.
.................................................
.................................................
. LaTeX info: "xparse/define-command"
. 
. Defining command \newfontfamily with sig. 'mO{}mO{}' on line 578.
.................................................
.................................................
. LaTeX info: "xparse/define-command"
. 
. Defining command \newfontface with sig. 'mO{}mO{}' on line 582.
.................................................
.................................................
. LaTeX info: "xparse/define-command"
. 
. Defining command \defaultfontfeatures with sig. 't+om' on line 586.
.................................................
.................................................
. LaTeX info: "xparse/define-command"
. 
. Defining command \addfontfeatures with sig. 'm' on line 590.
.................................................
.................................................
. LaTeX info: "xparse/define-command"
. 
. Defining command \addfontfeature with sig. 'm' on line 594.
.................................................
.................................................
. LaTeX info: "xparse/define-command"
. 
. Defining command \newfontfeature with sig. 'mm' on line 598.
.................................................
.................................................
. LaTeX info: "xparse/define-command"
. 
. Defining command \newAATfeature with sig. 'mmmm' on line 602.
.................................................
.................................................
. LaTeX info: "xparse/define-command"
. 
. Defining command \newopentypefeature with sig. 'mmm' on line 606.
.................................................
.................................................
. LaTeX info: "xparse/define-command"
. 
. Defining command \newICUfeature with sig. 'mmm' on line 610.
.................................................
.................................................
. LaTeX info: "xparse/define-command"
. 
. Defining command \aliasfontfeature with sig. 'mm' on line 614.
.................................................
.................................................
. LaTeX info: "xparse/define-command"
. 
. Defining command \aliasfontfeatureoption with sig. 'mmm' on line 618.
.................................................
.................................................
. LaTeX info: "xparse/define-command"
. 
. Defining command \newfontscript with sig. 'mm' on line 622.
.................................................
.................................................
. LaTeX info: "xparse/define-command"
. 
. Defining command \newfontlanguage with sig. 'mm' on line 626.
.................................................
.................................................
. LaTeX info: "xparse/define-command"
. 
. Defining command \DeclareFontsExtensions with sig. 'm' on line 630.
.................................................
.................................................
. LaTeX info: "xparse/define-command"
. 
. Defining command \IfFontFeatureActiveTF with sig. 'mmm' on line 634.
.................................................
.................................................
. LaTeX info: "xparse/define-command"
. 
. Defining command \EncodingCommand with sig. 'mO{}m' on line 3632.
.................................................
.................................................
. LaTeX info: "xparse/define-command"
. 
. Defining command \EncodingAccent with sig. 'mm' on line 3638.
.................................................
.................................................
. LaTeX info: "xparse/define-command"
. 
. Defining command \EncodingSymbol with sig. 'mm' on line 3644.
.................................................
.................................................
. LaTeX info: "xparse/define-command"
. 
. Defining command \EncodingComposite with sig. 'mmm' on line 3650.
.................................................
.................................................
. LaTeX info: "xparse/define-command"
. 
. Defining command \EncodingCompositeCommand with sig. 'mmm' on line 3656.
.................................................
.................................................
. LaTeX info: "xparse/define-command"
. 
. Defining command \DeclareUnicodeEncoding with sig. 'mm' on line 3681.
.................................................
.................................................
. LaTeX info: "xparse/define-command"
. 
. Defining command \UndeclareSymbol with sig. 'm' on line 3687.
.................................................
.................................................
. LaTeX info: "xparse/define-command"
. 
. Defining command \UndeclareAccent with sig. 'm' on line 3693.
.................................................
.................................................
. LaTeX info: "xparse/define-command"
. 
. Defining command \UndeclareCommand with sig. 'm' on line 3699.
.................................................
.................................................
. LaTeX info: "xparse/define-command"
. 
. Defining command \UndeclareComposite with sig. 'mm' on line 3706.
.................................................

(c:/texlive/2018/texmf-dist/tex/latex/fontspec/fontspec.cfg)
LaTeX Info: Redefining \itshape on input line 3891.
LaTeX Info: Redefining \slshape on input line 3896.
LaTeX Info: Redefining \scshape on input line 3901.
LaTeX Info: Redefining \upshape on input line 3906.
LaTeX Info: Redefining \em on input line 3936.
LaTeX Info: Redefining \emph on input line 3961.
LaTeX Info: Redefining \- on input line 4015.
.................................................
. LaTeX info: "xparse/redefine-command"
. 
. Redefining command \oldstylenums with sig. 'm' on line 4110.
.................................................
.................................................
. LaTeX info: "xparse/define-command"
. 
. Defining command \liningnums with sig. 'm' on line 4114.
.................................................
))
(c:/texlive/2018/texmf-dist/tex/xelatex/xepersian/xepersian-persiancal.sty
Package: xepersian-persiancal 2012/07/25 v0.2 provides Persian calendar
\XePersian@i=\count278
\XePersian@y=\count279
\XePersian@m=\count280
\XePersian@d=\count281
\XePersian@latini=\count282
\XePersian@persiani=\count283
\XePersian@latinii=\count284
\XePersian@persianii=\count285
\XePersian@latiniii=\count286
\XePersian@persianiii=\count287
\XePersian@latiniv=\count288
\XePersian@persianiv=\count289
\XePersian@latinv=\count290
\XePersian@persianv=\count291
\XePersian@latinvi=\count292
\XePersian@persianvi=\count293
\XePersian@latinvii=\count294
\XePersian@persianvii=\count295
\XePersian@latinviii=\count296
\XePersian@persianviii=\count297
\XePersian@latinix=\count298
\XePersian@persianix=\count299
\XePersian@latinx=\count300
\XePersian@persianx=\count301
\XePersian@latinxi=\count302
\XePersian@persianxi=\count303
\XePersian@latinxii=\count304
\XePersian@persianxii=\count305
\XePersian@persianxiii=\count306
\XePersian@temp=\count307
\XePersian@temptwo=\count308
\XePersian@tempthree=\count309
\XePersian@yModHundred=\count310
\XePersian@thirtytwo=\count311
\XePersian@dn=\count312
\XePersian@sn=\count313
\XePersian@mminusone=\count314
)
(c:/texlive/2018/texmf-dist/tex/xelatex/xepersian/xepersian-mathsdigitspec.sty
Package: xepersian-mathsdigitspec 2018/01/01 v1.1.5 Unicode Persian maths digit
s in XeLaTeX
.................................................
. LaTeX info: "xparse/define-command"
. 
. Defining command \new@mathbf with sig. 'm' on line 132.
.................................................
.................................................
. LaTeX info: "xparse/define-command"
. 
. Defining command \new@mathit with sig. 'm' on line 140.
.................................................
.................................................
. LaTeX info: "xparse/define-command"
. 
. Defining command \new@mathrm with sig. 'm' on line 148.
.................................................
.................................................
. LaTeX info: "xparse/define-command"
. 
. Defining command \new@mathsf with sig. 'm' on line 156.
.................................................
.................................................
. LaTeX info: "xparse/define-command"
. 
. Defining command \new@mathtt with sig. 'm' on line 164.
.................................................
.................................................
. LaTeX info: "xparse/define-command"
. 
. Defining command \setmathdigitfont with sig. 'O{}mO{}' on line 169.
.................................................
.................................................
. LaTeX info: "xparse/define-command"
. 
. Defining command \setmathsfdigitfont with sig. 'O{}mO{}' on line 203.
.................................................
.................................................
. LaTeX info: "xparse/define-command"
. 
. Defining command \setmathttdigitfont with sig. 'O{}mO{}' on line 217.
.................................................
) (c:/texlive/2018/texmf-dist/tex/xelatex/bidi/bidi.sty
Package: bidi 2018/02/22 v32.9 Bidirectional typesetting in plain TeX and LaTeX


****************************************************
* 
* bidi package (Bidirectional typesetting in
* plain TeX and LaTeX, using XeTeX engine)
* 
* Description: A convenient interface for
* typesetting bidirectional texts in plain TeX
* and LaTeX. The package includes adaptations
* for use with many other commonly-used packages.
* 
* Copyright (c) 2009--2018 Vafa Khalighi
* 
* v32.9, 2018/02/22
* 
* License: LaTeX Project Public License, version
* 1.3c or higher (your choice)
* 
* Location on CTAN: /macros/xetex/latex/bidi
* 
* Issue tracker: https://github.com/tex-xet/bidi/issues
* 
* Support: persian-tex@tug.org
* 
****************************************************
(c:/texlive/2018/texmf-dist/tex/generic/iftex/iftex.sty
Package: iftex 2013/04/04 v0.2 Provides if(tex) conditional for PDFTeX, XeTeX, 
and LuaTeX
)
(c:/texlive/2018/texmf-dist/tex/xelatex/bidi/biditools.sty
Package: biditools 2018/02/22 v1.4 Programming tools for bidi package
\@bidi@envbody=\toks32
\@bidi@emptytoks=\toks33
\bidi@tempcountb=\count315
\bidi@temptoksa=\toks34
\bidi@temptoksb=\toks35
\bidi@dummies=\count316
\bidi@are@these@correct=\toks36
\bidi@toks@lista=\toks37
\bidi@toks@listb=\toks38
\bidi@stack@length=\count317
\bidi@empty@stack=\toks39
\bidi@looprepeat@depth=\count318
)
(c:/texlive/2018/texmf-dist/tex/latex/oberdiek/zref-abspage.sty
Package: zref-abspage 2016/05/21 v2.26 Module abspage for zref (HO)

(c:/texlive/2018/texmf-dist/tex/latex/oberdiek/zref-base.sty
Package: zref-base 2016/05/21 v2.26 Module base for zref (HO)

(c:/texlive/2018/texmf-dist/tex/generic/oberdiek/ltxcmds.sty
Package: ltxcmds 2016/05/16 v1.23 LaTeX kernel commands for general use (HO)
)
(c:/texlive/2018/texmf-dist/tex/generic/oberdiek/infwarerr.sty
Package: infwarerr 2016/05/16 v1.4 Providing info/warning/error messages (HO)
)
(c:/texlive/2018/texmf-dist/tex/generic/oberdiek/kvsetkeys.sty
Package: kvsetkeys 2016/05/16 v1.17 Key value parser (HO)

(c:/texlive/2018/texmf-dist/tex/generic/oberdiek/etexcmds.sty
Package: etexcmds 2016/05/16 v1.6 Avoid name clashes with e-TeX commands (HO)
Package etexcmds Info: Could not find \expanded.
(etexcmds)             That can mean that you are not using pdfTeX 1.50 or
(etexcmds)             that some package has redefined \expanded.
(etexcmds)             In the latter case, load this package earlier.
))
(c:/texlive/2018/texmf-dist/tex/generic/oberdiek/kvdefinekeys.sty
Package: kvdefinekeys 2016/05/16 v1.4 Define keys (HO)
)
(c:/texlive/2018/texmf-dist/tex/generic/oberdiek/pdftexcmds.sty
Package: pdftexcmds 2018/01/30 v0.27 Utility functions of pdfTeX for LuaTeX (HO
)
Package pdftexcmds Info: LuaTeX not detected.
Package pdftexcmds Info: pdfTeX >= 1.30 not detected.
Package pdftexcmds Info: \pdf@primitive is available.
Package pdftexcmds Info: \pdf@ifprimitive is available.
Package pdftexcmds Info: \pdfdraftmode not found.
)
(c:/texlive/2018/texmf-dist/tex/latex/oberdiek/auxhook.sty
Package: auxhook 2016/05/16 v1.4 Hooks for auxiliary files (HO)
)
Package zref Info: New property list: main on input line 759.
Package zref Info: New property: default on input line 760.
Package zref Info: New property: page on input line 761.
)
(c:/texlive/2018/texmf-dist/tex/generic/oberdiek/atbegshi.sty
Package: atbegshi 2016/06/09 v1.18 At begin shipout hook (HO)
)
\c@abspage=\count319
Package zref Info: New property: abspage on input line 62.
)
\@bidi@copyins@=\insert252

(c:/texlive/2018/texmf-dist/tex/xelatex/bidi/latex-xetex-bidi.def
File: latex-xetex-bidi.def 2018/02/22 v1.3.3 bidi adaptations for `latex.ltx' f
or XeTeX engine
\bidi@n@everypar=\toks40
\bidi@column@check@number=\count320

(c:/texlive/2018/texmf-dist/tex/xelatex/bidi/footnote-xetex-bidi.def
File: footnote-xetex-bidi.def 2017/08/09 v1.1 bidi footnote macros for XeTeX en
gine
\c@footdir@label=\count321
\footdir@toks=\toks41
)
(c:/texlive/2018/texmf-dist/tex/xelatex/bidi/article-xetex-bidi.def
File: article-xetex-bidi.def 2017/06/09 v0.6 bidi adaptations for standard arti
cle class for XeTeX engine
)
(c:/texlive/2018/texmf-dist/tex/xelatex/bidi/color-xetex-bidi.def
File: color-xetex-bidi.def 2013/04/08 v0.2 bidi adaptations for color package f
or XeTeX engine
LaTeX Info: Redefining \color on input line 46.
)
(c:/texlive/2018/texmf-dist/tex/xelatex/bidi/xcolor-xetex-bidi.def
File: xcolor-xetex-bidi.def 2013/04/08 v0.2 bidi adaptations for xcolor package
 for XeTeX engine
LaTeX Info: Redefining \color on input line 45.
LaTeX Info: Redefining \bidicolor on input line 88.
)
(c:/texlive/2018/texmf-dist/tex/xelatex/bidi/graphicx-xetex-bidi.def
File: graphicx-xetex-bidi.def 2017/06/17 v0.5 bidi adaptations for graphicx pac
kage for XeTeX engine
)
(c:/texlive/2018/texmf-dist/tex/xelatex/bidi/pgfcorescopes.code-xetex-bidi.def
File: pgfcorescopes.code-xetex-bidi.def 2015/11/14 v0.1 bidi adaptations for pg
f package for XeTeX engine
)) (c:/texlive/2018/texmf-dist/tex/xelatex/bidi/loadingorder-xetex-bidi.def
File: loadingorder-xetex-bidi.def 2017/12/29 v0.97 making sure that bidi is the
 last package loaded
)
\bidi@digits=\count322
\bidi@digits@charclass=\XeTeXcharclass1
\bidi@sepmark@charclass=\XeTeXcharclass2
)
****************************************************
* 
* xepersian package (Persian for LaTeX, using XeTeX engine)
* 
* Description: The package supports Persian
* typesetting, using fonts provided in the
* distribution.
* 
* Copyright (c) 2008--2018 Vafa Khalighi
* 
* v21.1, 2018/01/28
* 
* License: LaTeX Project Public License, version
* 1.3c or higher (your choice)
* 
* Location on CTAN: /macros/xetex/latex/xepersian
* 
* Issue tracker: https://github.com/tex-xet/xepersian/issues
* 
* Support: persian-tex@tug.org
* 
****************************************************
.................................................
. LaTeX info: "xparse/define-command"
. 
. Defining command \settextfont with sig. 'O{}mO{}' on line 125.
.................................................
.................................................
. LaTeX info: "xparse/define-command"
. 
. Defining command \settextdigitfont with sig. 'O{}mO{}' on line 149.
.................................................
.................................................
. LaTeX info: "xparse/define-command"
. 
. Defining command \setdigitfont with sig. 'O{}mO{}' on line 191.
.................................................
.................................................
. LaTeX info: "xparse/define-command"
. 
. Defining command \setlatintextfont with sig. 'O{}mO{}' on line 196.
.................................................
.................................................
. LaTeX info: "xparse/define-command"
. 
. Defining command \defpersianfont with sig. 'mO{}mO{}' on line 222.
.................................................
.................................................
. LaTeX info: "xparse/define-command"
. 
. Defining command \deflatinfont with sig. 'mO{}mO{}' on line 240.
.................................................
.................................................
. LaTeX info: "xparse/define-command"
. 
. Defining command \setpersiansansfont with sig. 'O{}mO{}' on line 289.
.................................................
.................................................
. LaTeX info: "xparse/define-command"
. 
. Defining command \setpersianmonofont with sig. 'O{}mO{}' on line 313.
.................................................
.................................................
. LaTeX info: "xparse/define-command"
. 
. Defining command \setnavarfont with sig. 'O{}mO{}' on line 337.
.................................................
.................................................
. LaTeX info: "xparse/define-command"
. 
. Defining command \setpookfont with sig. 'O{}mO{}' on line 361.
.................................................
.................................................
. LaTeX info: "xparse/define-command"
. 
. Defining command \setsayehfont with sig. 'O{}mO{}' on line 385.
.................................................
.................................................
. LaTeX info: "xparse/define-command"
. 
. Defining command \setiranicfont with sig. 'O{}mO{}' on line 409.
.................................................
\xepersian@tcl=\count323
\xepersian@ilg=\dimen199
\xepersian@strutilg=\dimen256
(c:/texlive/2018/texmf-dist/tex/xelatex/xepersian/loadingorder-xepersian.def
File: loadingorder-xepersian.def 2017/09/06 v0.4 making sure that xepersian is 
the last package loaded
)
(c:/texlive/2018/texmf-dist/tex/xelatex/xepersian/footnote-xepersian.def
File: footnote-xepersian.def 2017/08/09 v0.6 footnote macros for xepersian pack
age
)
(c:/texlive/2018/texmf-dist/tex/xelatex/xepersian/article-xepersian.def
File: article-xepersian.def 2010/07/25 v0.2 adaptations for standard article cl
ass
)
(c:/texlive/2018/texmf-dist/tex/xelatex/xepersian/localise-xepersian.def
File: localise-xepersian.def 2014/07/10 v0.2b Persian localisation of LaTeX2e

(c:/texlive/2018/texmf-dist/tex/xelatex/xepersian/latex-localise-commands-xeper
sian.def
File: latex-localise-commands-xepersian.def 2014/02/05 v0.3 Persian localisatio
n of LaTeX2e commands
)
(c:/texlive/2018/texmf-dist/tex/xelatex/xepersian/xepersian-localise-commands-x
epersian.def
File: xepersian-localise-commands-xepersian.def 2012/07/25 v0.2 Persian localis
ation of XePersian commands
)
(c:/texlive/2018/texmf-dist/tex/xelatex/xepersian/latex-localise-environments-x
epersian.def
File: latex-localise-environments-xepersian.def 2010/07/25 v0.2 Persian localis
ation of LaTeX2e environments
)
(c:/texlive/2018/texmf-dist/tex/xelatex/xepersian/xepersian-localise-environmen
ts-xepersian.def
File: xepersian-localise-environments-xepersian.def 2010/07/25 v0.1 Persian loc
alisation of XePersian and bidi environments
)
(c:/texlive/2018/texmf-dist/tex/xelatex/xepersian/latex-localise-messages-xeper
sian.def
File: latex-localise-messages-xepersian.def 2011/03/01 v0.1 localising LaTeX2e 
messages
)
(c:/texlive/2018/texmf-dist/tex/xelatex/xepersian/latex-localise-misc-xepersian
.def
File: latex-localise-misc-xepersian.def 2012/01/01 v0.2 miscellaneous Persian l
ocalisation of LaTeX2e
)
(c:/texlive/2018/texmf-dist/tex/xelatex/xepersian/packages-localise-xepersian.d
ef
File: packages-localise-xepersian.def 2013/04/24 v0.2 localising LaTeX2e Packag
es

(c:/texlive/2018/texmf-dist/tex/xelatex/xepersian/color-localise-xepersian.def
File: color-localise-xepersian.def 2011/03/01 v0.1 localising color package
)))
(c:/texlive/2018/texmf-dist/tex/xelatex/bidi/extrafootnotefeatures-xetex-bidi.d
ef
File: extrafootnotefeatures-xetex-bidi.def 2017/05/19 v1.1 bidi extra footnote 
features for XeTeX engine
\footmarkwidth=\skip49
\footmarksep=\skip50
\footparindent=\skip51
\footinsdim=\skip52
\footinsv@r=\insert251
\@mpfootinsv@r=\insert250
\m@m@k=\count324
\m@m@h=\dimen257
\m@mipn@skip=\skip53
)
(c:/texlive/2018/texmf-dist/tex/xelatex/xepersian/extrafootnotefeatures-xepersi
an.def
File: extrafootnotefeatures-xepersian.def 2012/01/01 v0.2 footnote macros for e
xtrafootnotefeatures option of xepersian package
)
\g__fontspec_family_lmroman10-regular_int=\count325
.................................................
. fontspec info: "defining-font"
. 
. Font family 'lmroman10-regular(0)' created for font 'lmroman10-regular' with
. options
. [Mapping=tex-text,ExternalLocation,BoldFont={lmroman10-bold},BoldItalicFont={
lmroman10-bolditalic},ItalicFont={lmroman10-italic},SmallCapsFont={lmromancaps1
0-regular},SlantedFont={lmromanslant10-regular},BoldSlantedFont={lmromanslant10
-bold}].
.  
.  This font family consists of the following NFSS series/shapes:
.  
. - 'normal' (m/n) with NFSS spec.:
. <->"[lmroman10-regular]/OT:script=latn;language=DFLT;mapping=tex-text;"
. - 'small caps'  (m/sc) with NFSS spec.:
. <->"[lmromancaps10-regular]/OT:script=latn;language=DFLT;mapping=tex-text;"
. - 'bold' (bx/n) with NFSS spec.:
. <->"[lmroman10-bold]/OT:script=latn;language=DFLT;mapping=tex-text;"
. - 'bold small caps'  (bx/sc) with NFSS spec.:
. <->"[lmromancaps10-regular]/OT:script=latn;language=DFLT;mapping=tex-text;"
. - 'italic' (m/it) with NFSS spec.:
. <->"[lmroman10-italic]/OT:script=latn;language=DFLT;mapping=tex-text;"
. - 'italic small caps'  (m/itsc) with NFSS spec.:
. <->"[lmromancaps10-regular]/OT:script=latn;language=DFLT;mapping=tex-text;"
. - 'slanted' (m/sl) with NFSS spec.:
. <->"[lmromanslant10-regular]/OT:script=latn;language=DFLT;mapping=tex-text;"
. - 'slanted small caps'  (m/slsc) with NFSS spec.:
. <->"[lmromancaps10-regular]/OT:script=latn;language=DFLT;mapping=tex-text;"
. - 'bold italic' (bx/it) with NFSS spec.:
. <->"[lmroman10-bolditalic]/OT:script=latn;language=DFLT;mapping=tex-text;"
. - 'bold italic small caps'  (bx/itsc) with NFSS spec.:
. <->"[lmromancaps10-regular]/OT:script=latn;language=DFLT;mapping=tex-text;"
. - 'bold slanted' (bx/sl) with NFSS spec.:
. <->"[lmromanslant10-bold]/OT:script=latn;language=DFLT;mapping=tex-text;"
. - 'bold slanted small caps'  (bx/slsc) with NFSS spec.:
. <->"[lmromancaps10-regular]/OT:script=latn;language=DFLT;mapping=tex-text;"
.................................................
)
! Undefined control sequence.
l.11 \if@irfonts
                
The control sequence at the end of the top line
of your error message was never \def'ed. If you have
misspelled it (e.g., `\hobx'), type `I' and the correct
spelling (e.g., `I\hbox'). Otherwise just continue,
and I'll forget about whatever was undefined.


!!!!!!!!!!!!!!!!!!!!!!!!!!!!!!!!!!!!!!!!!!!!!!!!
!
! fontspec error: "font-not-found"
! 
! The font "IRLotusICEE" cannot be found.
! 
! See the fontspec documentation for further information.
! 
! For immediate help type H <return>.
!...............................................  
                                                  
l.12 ...EE_Iranic.ttf},Scale=1.2]{IRLotusICEE.ttf}
                                                  
|'''''''''''''''''''''''''''''''''''''''''''''''
| A font might not be found for many reasons.
|  Check the spelling, where the font is installed etc. etc.
| 
|  When in doubt, ask someone for help!
|...............................................

*************************************************
* fontspec warning: "script-not-exist"
* 
* Font 'IRLotusICEE' does not contain script 'Parsi'.
*************************************************
! Cannot use \XeTeXOTcountlanguages with nullfont; not an OpenType Layout font.
<argument> ...eXOTcountlanguages \l_fontspec_font 
                                                  \l__fontspec_script_int 
l.12 ...EE_Iranic.ttf},Scale=1.2]{IRLotusICEE.ttf}
                                                  

! Missing number, treated as zero.
<to be read again> 
                   \__int_eval_end: 
l.12 ...EE_Iranic.ttf},Scale=1.2]{IRLotusICEE.ttf}
                                                  
A number should have been here; I inserted `0'.
(If you can't figure out why I needed to see a number,
look up `weird error' in the index to The TeXbook.)

! Cannot use \XeTeXOTlanguagetag with nullfont; not an OpenType Layout font.
<argument> ...XeTeXOTlanguagetag \l_fontspec_font 
                                                  \l__fontspec_script_int \l...
l.12 ...EE_Iranic.ttf},Scale=1.2]{IRLotusICEE.ttf}
                                                  

! Missing = inserted for \ifnum.
<to be read again> 
                   \l__fontspec_script_int 
l.12 ...EE_Iranic.ttf},Scale=1.2]{IRLotusICEE.ttf}
                                                  
I was expecting to see `<', `=', or `>'. Didn't.

! Cannot use \XeTeXOTlanguagetag with nullfont; not an OpenType Layout font.
<argument> ...XeTeXOTlanguagetag \l_fontspec_font 
                                                  \l__fontspec_script_int \l...
l.12 ...EE_Iranic.ttf},Scale=1.2]{IRLotusICEE.ttf}
                                                  

! Missing = inserted for \ifnum.
<to be read again> 
                   \l__fontspec_script_int 
l.12 ...EE_Iranic.ttf},Scale=1.2]{IRLotusICEE.ttf}
                                                  
I was expecting to see `<', `=', or `>'. Didn't.

! Cannot use \XeTeXOTlanguagetag with nullfont; not an OpenType Layout font.
<argument> ...XeTeXOTlanguagetag \l_fontspec_font 
                                                  \l__fontspec_script_int \l...
l.12 ...EE_Iranic.ttf},Scale=1.2]{IRLotusICEE.ttf}
                                                  

! Missing = inserted for \ifnum.
<to be read again> 
                   \l__fontspec_script_int 
l.12 ...EE_Iranic.ttf},Scale=1.2]{IRLotusICEE.ttf}
                                                  
I was expecting to see `<', `=', or `>'. Didn't.

! Cannot use \XeTeXOTlanguagetag with nullfont; not an OpenType Layout font.
<argument> ...XeTeXOTlanguagetag \l_fontspec_font 
                                                  \l__fontspec_script_int \l...
l.12 ...EE_Iranic.ttf},Scale=1.2]{IRLotusICEE.ttf}
                                                  

! Missing = inserted for \ifnum.
<to be read again> 
                   \l__fontspec_script_int 
l.12 ...EE_Iranic.ttf},Scale=1.2]{IRLotusICEE.ttf}
                                                  
I was expecting to see `<', `=', or `>'. Didn't.

! Cannot use \XeTeXOTlanguagetag with nullfont; not an OpenType Layout font.
<argument> ...XeTeXOTlanguagetag \l_fontspec_font 
                                                  \l__fontspec_script_int \l...
l.12 ...EE_Iranic.ttf},Scale=1.2]{IRLotusICEE.ttf}
                                                  

! Missing = inserted for \ifnum.
<to be read again> 
                   \l__fontspec_script_int 
l.12 ...EE_Iranic.ttf},Scale=1.2]{IRLotusICEE.ttf}
                                                  
I was expecting to see `<', `=', or `>'. Didn't.

! Cannot use \XeTeXOTlanguagetag with nullfont; not an OpenType Layout font.
<argument> ...XeTeXOTlanguagetag \l_fontspec_font 
                                                  \l__fontspec_script_int \l...
l.12 ...EE_Iranic.ttf},Scale=1.2]{IRLotusICEE.ttf}
                                                  

! Missing = inserted for \ifnum.
<to be read again> 
                   \l__fontspec_script_int 
l.12 ...EE_Iranic.ttf},Scale=1.2]{IRLotusICEE.ttf}
                                                  
I was expecting to see `<', `=', or `>'. Didn't.

! Cannot use \XeTeXOTlanguagetag with nullfont; not an OpenType Layout font.
<argument> ...XeTeXOTlanguagetag \l_fontspec_font 
                                                  \l__fontspec_script_int \l...
l.12 ...EE_Iranic.ttf},Scale=1.2]{IRLotusICEE.ttf}
                                                  

! Missing = inserted for \ifnum.
<to be read again> 
                   \l__fontspec_script_int 
l.12 ...EE_Iranic.ttf},Scale=1.2]{IRLotusICEE.ttf}
                                                  
I was expecting to see `<', `=', or `>'. Didn't.

! Cannot use \XeTeXOTlanguagetag with nullfont; not an OpenType Layout font.
<argument> ...XeTeXOTlanguagetag \l_fontspec_font 
                                                  \l__fontspec_script_int \l...
l.12 ...EE_Iranic.ttf},Scale=1.2]{IRLotusICEE.ttf}
                                                  

! Missing = inserted for \ifnum.
<to be read again> 
                   \l__fontspec_script_int 
l.12 ...EE_Iranic.ttf},Scale=1.2]{IRLotusICEE.ttf}
                                                  
I was expecting to see `<', `=', or `>'. Didn't.

! Cannot use \XeTeXOTlanguagetag with nullfont; not an OpenType Layout font.
<argument> ...XeTeXOTlanguagetag \l_fontspec_font 
                                                  \l__fontspec_script_int \l...
l.12 ...EE_Iranic.ttf},Scale=1.2]{IRLotusICEE.ttf}
                                                  

! Missing = inserted for \ifnum.
<to be read again> 
                   \l__fontspec_script_int 
l.12 ...EE_Iranic.ttf},Scale=1.2]{IRLotusICEE.ttf}
                                                  
I was expecting to see `<', `=', or `>'. Didn't.

! Cannot use \XeTeXOTlanguagetag with nullfont; not an OpenType Layout font.
<argument> ...XeTeXOTlanguagetag \l_fontspec_font 
                                                  \l__fontspec_script_int \l...
l.12 ...EE_Iranic.ttf},Scale=1.2]{IRLotusICEE.ttf}
                                                  

! Missing = inserted for \ifnum.
<to be read again> 
                   \l__fontspec_script_int 
l.12 ...EE_Iranic.ttf},Scale=1.2]{IRLotusICEE.ttf}
                                                  
I was expecting to see `<', `=', or `>'. Didn't.

! Cannot use \XeTeXOTlanguagetag with nullfont; not an OpenType Layout font.
<argument> ...XeTeXOTlanguagetag \l_fontspec_font 
                                                  \l__fontspec_script_int \l...
l.12 ...EE_Iranic.ttf},Scale=1.2]{IRLotusICEE.ttf}
                                                  

! Missing = inserted for \ifnum.
<to be read again> 
                   \l__fontspec_script_int 
l.12 ...EE_Iranic.ttf},Scale=1.2]{IRLotusICEE.ttf}
                                                  
I was expecting to see `<', `=', or `>'. Didn't.

! Cannot use \XeTeXOTlanguagetag with nullfont; not an OpenType Layout font.
<argument> ...XeTeXOTlanguagetag \l_fontspec_font 
                                                  \l__fontspec_script_int \l...
l.12 ...EE_Iranic.ttf},Scale=1.2]{IRLotusICEE.ttf}
                                                  

! Missing = inserted for \ifnum.
<to be read again> 
                   \l__fontspec_script_int 
l.12 ...EE_Iranic.ttf},Scale=1.2]{IRLotusICEE.ttf}
                                                  
I was expecting to see `<', `=', or `>'. Didn't.

! Cannot use \XeTeXOTlanguagetag with nullfont; not an OpenType Layout font.
<argument> ...XeTeXOTlanguagetag \l_fontspec_font 
                                                  \l__fontspec_script_int \l...
l.12 ...EE_Iranic.ttf},Scale=1.2]{IRLotusICEE.ttf}
                                                  

! Missing = inserted for \ifnum.
<to be read again> 
                   \l__fontspec_script_int 
l.12 ...EE_Iranic.ttf},Scale=1.2]{IRLotusICEE.ttf}
                                                  
I was expecting to see `<', `=', or `>'. Didn't.

! Cannot use \XeTeXOTlanguagetag with nullfont; not an OpenType Layout font.
<argument> ...XeTeXOTlanguagetag \l_fontspec_font 
                                                  \l__fontspec_script_int \l...
l.12 ...EE_Iranic.ttf},Scale=1.2]{IRLotusICEE.ttf}
                                                  

! Missing = inserted for \ifnum.
<to be read again> 
                   \l__fontspec_script_int 
l.12 ...EE_Iranic.ttf},Scale=1.2]{IRLotusICEE.ttf}
                                                  
I was expecting to see `<', `=', or `>'. Didn't.

! Cannot use \XeTeXOTlanguagetag with nullfont; not an OpenType Layout font.
<argument> ...XeTeXOTlanguagetag \l_fontspec_font 
                                                  \l__fontspec_script_int \l...
l.12 ...EE_Iranic.ttf},Scale=1.2]{IRLotusICEE.ttf}
                                                  

! Missing = inserted for \ifnum.
<to be read again> 
                   \l__fontspec_script_int 
l.12 ...EE_Iranic.ttf},Scale=1.2]{IRLotusICEE.ttf}
                                                  
I was expecting to see `<', `=', or `>'. Didn't.

! Cannot use \XeTeXOTlanguagetag with nullfont; not an OpenType Layout font.
<argument> ...XeTeXOTlanguagetag \l_fontspec_font 
                                                  \l__fontspec_script_int \l...
l.12 ...EE_Iranic.ttf},Scale=1.2]{IRLotusICEE.ttf}
                                                  

! Missing = inserted for \ifnum.
<to be read again> 
                   \l__fontspec_script_int 
l.12 ...EE_Iranic.ttf},Scale=1.2]{IRLotusICEE.ttf}
                                                  
I was expecting to see `<', `=', or `>'. Didn't.

! Cannot use \XeTeXOTlanguagetag with nullfont; not an OpenType Layout font.
<argument> ...XeTeXOTlanguagetag \l_fontspec_font 
                                                  \l__fontspec_script_int \l...
l.12 ...EE_Iranic.ttf},Scale=1.2]{IRLotusICEE.ttf}
                                                  

! Missing = inserted for \ifnum.
<to be read again> 
                   \l__fontspec_script_int 
l.12 ...EE_Iranic.ttf},Scale=1.2]{IRLotusICEE.ttf}
                                                  
I was expecting to see `<', `=', or `>'. Didn't.

! Cannot use \XeTeXOTlanguagetag with nullfont; not an OpenType Layout font.
<argument> ...XeTeXOTlanguagetag \l_fontspec_font 
                                                  \l__fontspec_script_int \l...
l.12 ...EE_Iranic.ttf},Scale=1.2]{IRLotusICEE.ttf}
                                                  

! Missing = inserted for \ifnum.
<to be read again> 
                   \l__fontspec_script_int 
l.12 ...EE_Iranic.ttf},Scale=1.2]{IRLotusICEE.ttf}
                                                  
I was expecting to see `<', `=', or `>'. Didn't.

! Cannot use \XeTeXOTlanguagetag with nullfont; not an OpenType Layout font.
<argument> ...XeTeXOTlanguagetag \l_fontspec_font 
                                                  \l__fontspec_script_int \l...
l.12 ...EE_Iranic.ttf},Scale=1.2]{IRLotusICEE.ttf}
                                                  

! Missing = inserted for \ifnum.
<to be read again> 
                   \l__fontspec_script_int 
l.12 ...EE_Iranic.ttf},Scale=1.2]{IRLotusICEE.ttf}
                                                  
I was expecting to see `<', `=', or `>'. Didn't.

! Cannot use \XeTeXOTlanguagetag with nullfont; not an OpenType Layout font.
<argument> ...XeTeXOTlanguagetag \l_fontspec_font 
                                                  \l__fontspec_script_int \l...
l.12 ...EE_Iranic.ttf},Scale=1.2]{IRLotusICEE.ttf}
                                                  

! Missing = inserted for \ifnum.
<to be read again> 
                   \l__fontspec_script_int 
l.12 ...EE_Iranic.ttf},Scale=1.2]{IRLotusICEE.ttf}
                                                  
I was expecting to see `<', `=', or `>'. Didn't.

! Cannot use \XeTeXOTlanguagetag with nullfont; not an OpenType Layout font.
<argument> ...XeTeXOTlanguagetag \l_fontspec_font 
                                                  \l__fontspec_script_int \l...
l.12 ...EE_Iranic.ttf},Scale=1.2]{IRLotusICEE.ttf}
                                                  

! Missing = inserted for \ifnum.
<to be read again> 
                   \l__fontspec_script_int 
l.12 ...EE_Iranic.ttf},Scale=1.2]{IRLotusICEE.ttf}
                                                  
I was expecting to see `<', `=', or `>'. Didn't.

! Cannot use \XeTeXOTlanguagetag with nullfont; not an OpenType Layout font.
<argument> ...XeTeXOTlanguagetag \l_fontspec_font 
                                                  \l__fontspec_script_int \l...
l.12 ...EE_Iranic.ttf},Scale=1.2]{IRLotusICEE.ttf}
                                                  

! Missing = inserted for \ifnum.
<to be read again> 
                   \l__fontspec_script_int 
l.12 ...EE_Iranic.ttf},Scale=1.2]{IRLotusICEE.ttf}
                                                  
I was expecting to see `<', `=', or `>'. Didn't.

! Cannot use \XeTeXOTlanguagetag with nullfont; not an OpenType Layout font.
<argument> ...XeTeXOTlanguagetag \l_fontspec_font 
                                                  \l__fontspec_script_int \l...
l.12 ...EE_Iranic.ttf},Scale=1.2]{IRLotusICEE.ttf}
                                                  

! Missing = inserted for \ifnum.
<to be read again> 
                   \l__fontspec_script_int 
l.12 ...EE_Iranic.ttf},Scale=1.2]{IRLotusICEE.ttf}
                                                  
I was expecting to see `<', `=', or `>'. Didn't.

! Cannot use \XeTeXOTlanguagetag with nullfont; not an OpenType Layout font.
<argument> ...XeTeXOTlanguagetag \l_fontspec_font 
                                                  \l__fontspec_script_int \l...
l.12 ...EE_Iranic.ttf},Scale=1.2]{IRLotusICEE.ttf}
                                                  

! Missing = inserted for \ifnum.
<to be read again> 
                   \l__fontspec_script_int 
l.12 ...EE_Iranic.ttf},Scale=1.2]{IRLotusICEE.ttf}
                                                  
I was expecting to see `<', `=', or `>'. Didn't.

! Cannot use \XeTeXOTlanguagetag with nullfont; not an OpenType Layout font.
<argument> ...XeTeXOTlanguagetag \l_fontspec_font 
                                                  \l__fontspec_script_int \l...
l.12 ...EE_Iranic.ttf},Scale=1.2]{IRLotusICEE.ttf}
                                                  

! Missing = inserted for \ifnum.
<to be read again> 
                   \l__fontspec_script_int 
l.12 ...EE_Iranic.ttf},Scale=1.2]{IRLotusICEE.ttf}
                                                  
I was expecting to see `<', `=', or `>'. Didn't.

! Cannot use \XeTeXOTlanguagetag with nullfont; not an OpenType Layout font.
<argument> ...XeTeXOTlanguagetag \l_fontspec_font 
                                                  \l__fontspec_script_int \l...
l.12 ...EE_Iranic.ttf},Scale=1.2]{IRLotusICEE.ttf}
                                                  

! Missing = inserted for \ifnum.
<to be read again> 
                   \l__fontspec_script_int 
l.12 ...EE_Iranic.ttf},Scale=1.2]{IRLotusICEE.ttf}
                                                  
I was expecting to see `<', `=', or `>'. Didn't.

! Cannot use \XeTeXOTlanguagetag with nullfont; not an OpenType Layout font.
<argument> ...XeTeXOTlanguagetag \l_fontspec_font 
                                                  \l__fontspec_script_int \l...
l.12 ...EE_Iranic.ttf},Scale=1.2]{IRLotusICEE.ttf}
                                                  

! Missing = inserted for \ifnum.
<to be read again> 
                   \l__fontspec_script_int 
l.12 ...EE_Iranic.ttf},Scale=1.2]{IRLotusICEE.ttf}
                                                  
I was expecting to see `<', `=', or `>'. Didn't.

! Cannot use \XeTeXOTlanguagetag with nullfont; not an OpenType Layout font.
<argument> ...XeTeXOTlanguagetag \l_fontspec_font 
                                                  \l__fontspec_script_int \l...
l.12 ...EE_Iranic.ttf},Scale=1.2]{IRLotusICEE.ttf}
                                                  

! Missing = inserted for \ifnum.
<to be read again> 
                   \l__fontspec_script_int 
l.12 ...EE_Iranic.ttf},Scale=1.2]{IRLotusICEE.ttf}
                                                  
I was expecting to see `<', `=', or `>'. Didn't.

! Cannot use \XeTeXOTlanguagetag with nullfont; not an OpenType Layout font.
<argument> ...XeTeXOTlanguagetag \l_fontspec_font 
                                                  \l__fontspec_script_int \l...
l.12 ...EE_Iranic.ttf},Scale=1.2]{IRLotusICEE.ttf}
                                                  

! Missing = inserted for \ifnum.
<to be read again> 
                   \l__fontspec_script_int 
l.12 ...EE_Iranic.ttf},Scale=1.2]{IRLotusICEE.ttf}
                                                  
I was expecting to see `<', `=', or `>'. Didn't.

! Cannot use \XeTeXOTlanguagetag with nullfont; not an OpenType Layout font.
<argument> ...XeTeXOTlanguagetag \l_fontspec_font 
                                                  \l__fontspec_script_int \l...
l.12 ...EE_Iranic.ttf},Scale=1.2]{IRLotusICEE.ttf}
                                                  

! Missing = inserted for \ifnum.
<to be read again> 
                   \l__fontspec_script_int 
l.12 ...EE_Iranic.ttf},Scale=1.2]{IRLotusICEE.ttf}
                                                  
I was expecting to see `<', `=', or `>'. Didn't.

! Cannot use \XeTeXOTlanguagetag with nullfont; not an OpenType Layout font.
<argument> ...XeTeXOTlanguagetag \l_fontspec_font 
                                                  \l__fontspec_script_int \l...
l.12 ...EE_Iranic.ttf},Scale=1.2]{IRLotusICEE.ttf}
                                                  

! Missing = inserted for \ifnum.
<to be read again> 
                   \l__fontspec_script_int 
l.12 ...EE_Iranic.ttf},Scale=1.2]{IRLotusICEE.ttf}
                                                  
I was expecting to see `<', `=', or `>'. Didn't.

! Cannot use \XeTeXOTlanguagetag with nullfont; not an OpenType Layout font.
<argument> ...XeTeXOTlanguagetag \l_fontspec_font 
                                                  \l__fontspec_script_int \l...
l.12 ...EE_Iranic.ttf},Scale=1.2]{IRLotusICEE.ttf}
                                                  

! Missing = inserted for \ifnum.
<to be read again> 
                   \l__fontspec_script_int 
l.12 ...EE_Iranic.ttf},Scale=1.2]{IRLotusICEE.ttf}
                                                  
I was expecting to see `<', `=', or `>'. Didn't.

! Cannot use \XeTeXOTlanguagetag with nullfont; not an OpenType Layout font.
<argument> ...XeTeXOTlanguagetag \l_fontspec_font 
                                                  \l__fontspec_script_int \l...
l.12 ...EE_Iranic.ttf},Scale=1.2]{IRLotusICEE.ttf}
                                                  

! Missing = inserted for \ifnum.
<to be read again> 
                   \l__fontspec_script_int 
l.12 ...EE_Iranic.ttf},Scale=1.2]{IRLotusICEE.ttf}
                                                  
I was expecting to see `<', `=', or `>'. Didn't.

! Cannot use \XeTeXOTlanguagetag with nullfont; not an OpenType Layout font.
<argument> ...XeTeXOTlanguagetag \l_fontspec_font 
                                                  \l__fontspec_script_int \l...
l.12 ...EE_Iranic.ttf},Scale=1.2]{IRLotusICEE.ttf}
                                                  

! Missing = inserted for \ifnum.
<to be read again> 
                   \l__fontspec_script_int 
l.12 ...EE_Iranic.ttf},Scale=1.2]{IRLotusICEE.ttf}
                                                  
I was expecting to see `<', `=', or `>'. Didn't.

! Cannot use \XeTeXOTlanguagetag with nullfont; not an OpenType Layout font.
<argument> ...XeTeXOTlanguagetag \l_fontspec_font 
                                                  \l__fontspec_script_int \l...
l.12 ...EE_Iranic.ttf},Scale=1.2]{IRLotusICEE.ttf}
                                                  

! Missing = inserted for \ifnum.
<to be read again> 
                   \l__fontspec_script_int 
l.12 ...EE_Iranic.ttf},Scale=1.2]{IRLotusICEE.ttf}
                                                  
I was expecting to see `<', `=', or `>'. Didn't.

! Cannot use \XeTeXOTlanguagetag with nullfont; not an OpenType Layout font.
<argument> ...XeTeXOTlanguagetag \l_fontspec_font 
                                                  \l__fontspec_script_int \l...
l.12 ...EE_Iranic.ttf},Scale=1.2]{IRLotusICEE.ttf}
                                                  

! Missing = inserted for \ifnum.
<to be read again> 
                   \l__fontspec_script_int 
l.12 ...EE_Iranic.ttf},Scale=1.2]{IRLotusICEE.ttf}
                                                  
I was expecting to see `<', `=', or `>'. Didn't.

! Cannot use \XeTeXOTlanguagetag with nullfont; not an OpenType Layout font.
<argument> ...XeTeXOTlanguagetag \l_fontspec_font 
                                                  \l__fontspec_script_int \l...
l.12 ...EE_Iranic.ttf},Scale=1.2]{IRLotusICEE.ttf}
                                                  

! Missing = inserted for \ifnum.
<to be read again> 
                   \l__fontspec_script_int 
l.12 ...EE_Iranic.ttf},Scale=1.2]{IRLotusICEE.ttf}
                                                  
I was expecting to see `<', `=', or `>'. Didn't.

! Cannot use \XeTeXOTlanguagetag with nullfont; not an OpenType Layout font.
<argument> ...XeTeXOTlanguagetag \l_fontspec_font 
                                                  \l__fontspec_script_int \l...
l.12 ...EE_Iranic.ttf},Scale=1.2]{IRLotusICEE.ttf}
                                                  

! Missing = inserted for \ifnum.
<to be read again> 
                   \l__fontspec_script_int 
l.12 ...EE_Iranic.ttf},Scale=1.2]{IRLotusICEE.ttf}
                                                  
I was expecting to see `<', `=', or `>'. Didn't.

! Cannot use \XeTeXOTlanguagetag with nullfont; not an OpenType Layout font.
<argument> ...XeTeXOTlanguagetag \l_fontspec_font 
                                                  \l__fontspec_script_int \l...
l.12 ...EE_Iranic.ttf},Scale=1.2]{IRLotusICEE.ttf}
                                                  

! Missing = inserted for \ifnum.
<to be read again> 
                   \l__fontspec_script_int 
l.12 ...EE_Iranic.ttf},Scale=1.2]{IRLotusICEE.ttf}
                                                  
I was expecting to see `<', `=', or `>'. Didn't.

! Cannot use \XeTeXOTlanguagetag with nullfont; not an OpenType Layout font.
<argument> ...XeTeXOTlanguagetag \l_fontspec_font 
                                                  \l__fontspec_script_int \l...
l.12 ...EE_Iranic.ttf},Scale=1.2]{IRLotusICEE.ttf}
                                                  

! Missing = inserted for \ifnum.
<to be read again> 
                   \l__fontspec_script_int 
l.12 ...EE_Iranic.ttf},Scale=1.2]{IRLotusICEE.ttf}
                                                  
I was expecting to see `<', `=', or `>'. Didn't.

! Cannot use \XeTeXOTlanguagetag with nullfont; not an OpenType Layout font.
<argument> ...XeTeXOTlanguagetag \l_fontspec_font 
                                                  \l__fontspec_script_int \l...
l.12 ...EE_Iranic.ttf},Scale=1.2]{IRLotusICEE.ttf}
                                                  

! Missing = inserted for \ifnum.
<to be read again> 
                   \l__fontspec_script_int 
l.12 ...EE_Iranic.ttf},Scale=1.2]{IRLotusICEE.ttf}
                                                  
I was expecting to see `<', `=', or `>'. Didn't.

! Cannot use \XeTeXOTlanguagetag with nullfont; not an OpenType Layout font.
<argument> ...XeTeXOTlanguagetag \l_fontspec_font 
                                                  \l__fontspec_script_int \l...
l.12 ...EE_Iranic.ttf},Scale=1.2]{IRLotusICEE.ttf}
                                                  

! Missing = inserted for \ifnum.
<to be read again> 
                   \l__fontspec_script_int 
l.12 ...EE_Iranic.ttf},Scale=1.2]{IRLotusICEE.ttf}
                                                  
I was expecting to see `<', `=', or `>'. Didn't.

! Cannot use \XeTeXOTlanguagetag with nullfont; not an OpenType Layout font.
<argument> ...XeTeXOTlanguagetag \l_fontspec_font 
                                                  \l__fontspec_script_int \l...
l.12 ...EE_Iranic.ttf},Scale=1.2]{IRLotusICEE.ttf}
                                                  

! Missing = inserted for \ifnum.
<to be read again> 
                   \l__fontspec_script_int 
l.12 ...EE_Iranic.ttf},Scale=1.2]{IRLotusICEE.ttf}
                                                  
I was expecting to see `<', `=', or `>'. Didn't.

! Cannot use \XeTeXOTlanguagetag with nullfont; not an OpenType Layout font.
<argument> ...XeTeXOTlanguagetag \l_fontspec_font 
                                                  \l__fontspec_script_int \l...
l.12 ...EE_Iranic.ttf},Scale=1.2]{IRLotusICEE.ttf}
                                                  

! Missing = inserted for \ifnum.
<to be read again> 
                   \l__fontspec_script_int 
l.12 ...EE_Iranic.ttf},Scale=1.2]{IRLotusICEE.ttf}
                                                  
I was expecting to see `<', `=', or `>'. Didn't.

! Cannot use \XeTeXOTlanguagetag with nullfont; not an OpenType Layout font.
<argument> ...XeTeXOTlanguagetag \l_fontspec_font 
                                                  \l__fontspec_script_int \l...
l.12 ...EE_Iranic.ttf},Scale=1.2]{IRLotusICEE.ttf}
                                                  

! Missing = inserted for \ifnum.
<to be read again> 
                   \l__fontspec_script_int 
l.12 ...EE_Iranic.ttf},Scale=1.2]{IRLotusICEE.ttf}
                                                  
I was expecting to see `<', `=', or `>'. Didn't.

! Cannot use \XeTeXOTlanguagetag with nullfont; not an OpenType Layout font.
<argument> ...XeTeXOTlanguagetag \l_fontspec_font 
                                                  \l__fontspec_script_int \l...
l.12 ...EE_Iranic.ttf},Scale=1.2]{IRLotusICEE.ttf}
                                                  

! Missing = inserted for \ifnum.
<to be read again> 
                   \l__fontspec_script_int 
l.12 ...EE_Iranic.ttf},Scale=1.2]{IRLotusICEE.ttf}
                                                  
I was expecting to see `<', `=', or `>'. Didn't.

! Cannot use \XeTeXOTlanguagetag with nullfont; not an OpenType Layout font.
<argument> ...XeTeXOTlanguagetag \l_fontspec_font 
                                                  \l__fontspec_script_int \l...
l.12 ...EE_Iranic.ttf},Scale=1.2]{IRLotusICEE.ttf}
                                                  

! Missing = inserted for \ifnum.
<to be read again> 
                   \l__fontspec_script_int 
l.12 ...EE_Iranic.ttf},Scale=1.2]{IRLotusICEE.ttf}
                                                  
I was expecting to see `<', `=', or `>'. Didn't.

! Cannot use \XeTeXOTlanguagetag with nullfont; not an OpenType Layout font.
<argument> ...XeTeXOTlanguagetag \l_fontspec_font 
                                                  \l__fontspec_script_int \l...
l.12 ...EE_Iranic.ttf},Scale=1.2]{IRLotusICEE.ttf}
                                                  

! Missing = inserted for \ifnum.
<to be read again> 
                   \l__fontspec_script_int 
l.12 ...EE_Iranic.ttf},Scale=1.2]{IRLotusICEE.ttf}
                                                  
(That makes 100 errors; please try again.) 
Here is how much of TeX's memory you used:
 34711 strings out of 492970
 862896 string characters out of 6137299
 1029844 words of memory out of 5000000
 38223 multiletter control sequences out of 15000+600000
 530360 words of font info for 33 fonts, out of 8000000 for 9000
 1348 hyphenation exceptions out of 8191
 62i,0n,96p,10422b,479s stack positions out of 5000i,500n,10000p,200000b,80000s

No pages of output.
